running egg_info
writing ../../build/warthog_nav2/warthog_nav2.egg-info/PKG-INFO
writing dependency_links to ../../build/warthog_nav2/warthog_nav2.egg-info/dependency_links.txt
writing requirements to ../../build/warthog_nav2/warthog_nav2.egg-info/requires.txt
writing top-level names to ../../build/warthog_nav2/warthog_nav2.egg-info/top_level.txt
reading manifest file '../../build/warthog_nav2/warthog_nav2.egg-info/SOURCES.txt'
writing manifest file '../../build/warthog_nav2/warthog_nav2.egg-info/SOURCES.txt'
running build
running build_py
copying warthog_nav2/__init__.py -> /home/jotheesh/warthog_nav2_ws/build/warthog_nav2/build/lib/warthog_nav2
running install
running install_lib
running install_data
copying resource/warthog_nav2 -> /home/jotheesh/warthog_nav2_ws/install/warthog_nav2/share/ament_index/resource_index/packages
copying package.xml -> /home/jotheesh/warthog_nav2_ws/install/warthog_nav2/share/warthog_nav2
copying launch/warthog_mppi.launch.py -> /home/jotheesh/warthog_nav2_ws/install/warthog_nav2/share/warthog_nav2/launch
copying config/mppi.yaml -> /home/jotheesh/warthog_nav2_ws/install/warthog_nav2/share/warthog_nav2/config
copying config/local_costmap.yaml -> /home/jotheesh/warthog_nav2_ws/install/warthog_nav2/share/warthog_nav2/config
running install_egg_info
removing '/home/jotheesh/warthog_nav2_ws/install/warthog_nav2/lib/python3.10/site-packages/warthog_nav2-0.0.0-py3.10.egg-info' (and everything under it)
Copying ../../build/warthog_nav2/warthog_nav2.egg-info to /home/jotheesh/warthog_nav2_ws/install/warthog_nav2/lib/python3.10/site-packages/warthog_nav2-0.0.0-py3.10.egg-info
running install_scripts
writing list of installed files to '/home/jotheesh/warthog_nav2_ws/build/warthog_nav2/install.log'
