/home/jotheesh/.local/lib/python3.10/site-packages/setuptools/_distutils/dist.py:289: UserWarning: Unknown distribution option: 'tests_require'
  warnings.warn(msg)
running egg_info
creating ../../build/warthog_nav2/warthog_nav2.egg-info
writing ../../build/warthog_nav2/warthog_nav2.egg-info/PKG-INFO
writing dependency_links to ../../build/warthog_nav2/warthog_nav2.egg-info/dependency_links.txt
writing requirements to ../../build/warthog_nav2/warthog_nav2.egg-info/requires.txt
writing top-level names to ../../build/warthog_nav2/warthog_nav2.egg-info/top_level.txt
writing manifest file '../../build/warthog_nav2/warthog_nav2.egg-info/SOURCES.txt'
reading manifest file '../../build/warthog_nav2/warthog_nav2.egg-info/SOURCES.txt'
writing manifest file '../../build/warthog_nav2/warthog_nav2.egg-info/SOURCES.txt'
running build
running build_py
creating /home/jotheesh/warthog_nav2_ws/build/warthog_nav2/build/lib/warthog_nav2
copying warthog_nav2/__init__.py -> /home/jotheesh/warthog_nav2_ws/build/warthog_nav2/build/lib/warthog_nav2
running install
running install_lib
creating /home/jotheesh/warthog_nav2_ws/install/warthog_nav2/lib/python3.10/site-packages/warthog_nav2
copying /home/jotheesh/warthog_nav2_ws/build/warthog_nav2/build/lib/warthog_nav2/__init__.py -> /home/jotheesh/warthog_nav2_ws/install/warthog_nav2/lib/python3.10/site-packages/warthog_nav2
byte-compiling /home/jotheesh/warthog_nav2_ws/install/warthog_nav2/lib/python3.10/site-packages/warthog_nav2/__init__.py to __init__.cpython-310.pyc
running install_data
creating /home/jotheesh/warthog_nav2_ws/install/warthog_nav2/share/ament_index/resource_index/packages
copying resource/warthog_nav2 -> /home/jotheesh/warthog_nav2_ws/install/warthog_nav2/share/ament_index/resource_index/packages
creating /home/jotheesh/warthog_nav2_ws/install/warthog_nav2/share/warthog_nav2
copying package.xml -> /home/jotheesh/warthog_nav2_ws/install/warthog_nav2/share/warthog_nav2
creating /home/jotheesh/warthog_nav2_ws/install/warthog_nav2/share/warthog_nav2/launch
copying launch/warthog_mppi.launch.py -> /home/jotheesh/warthog_nav2_ws/install/warthog_nav2/share/warthog_nav2/launch
creating /home/jotheesh/warthog_nav2_ws/install/warthog_nav2/share/warthog_nav2/config
copying config/mppi.yaml -> /home/jotheesh/warthog_nav2_ws/install/warthog_nav2/share/warthog_nav2/config
copying config/local_costmap.yaml -> /home/jotheesh/warthog_nav2_ws/install/warthog_nav2/share/warthog_nav2/config
running install_egg_info
Copying ../../build/warthog_nav2/warthog_nav2.egg-info to /home/jotheesh/warthog_nav2_ws/install/warthog_nav2/lib/python3.10/site-packages/warthog_nav2-0.0.0-py3.10.egg-info
running install_scripts
writing list of installed files to '/home/jotheesh/warthog_nav2_ws/build/warthog_nav2/install.log'
